{"uuid":"d2ada0b3-41cc-4201-abfb-8d5edc9ca7eb","historyId":"8fe61f53d4cdffee90abe9fe9bf385e0","fullName":"com.digitalnomads.adultpage.AdultsPageTest.adultPageTest","labels":[{"name":"package","value":"com.digitalnomads.adultpage.AdultsPageTest"},{"name":"testClass","value":"com.digitalnomads.adultpage.AdultsPageTest"},{"name":"testMethod","value":"adultPageTest"},{"name":"parentSuite","value":"Default Suite"},{"name":"suite","value":"SDET"},{"name":"subSuite","value":"com.digitalnomads.adultpage.AdultsPageTest"},{"name":"host","value":"Tilek_Dell"},{"name":"thread","value":"7516@Tilek_Dell.main(1)"},{"name":"framework","value":"testng"},{"name":"language","value":"java"}],"links":[],"name":"adultPageTest","status":"failed","statusDetails":{"known":false,"muted":false,"flaky":false,"message":"Element not found {By.xpath: //a[normalize-space() ='Foor Adults']}\r\nExpected: clickable: interactable and enabled\r\nScreenshot: file:/C:/Users/tilek/IdeaProjects/SDET/ui/build/reports/tests/1694414519118.1.png\r\nPage source: file:/C:/Users/tilek/IdeaProjects/SDET/ui/build/reports/tests/1694414519118.1.html\r\nTimeout: 10 s.\r\nCaused by: NoSuchElementException: no such element: Unable to locate element: {\"method\":\"xpath\",\"selector\":\"//a[normalize-space() ='Foor Adults']\"}","trace":"Element not found {By.xpath: //a[normalize-space() ='Foor Adults']}\r\nExpected: clickable: interactable and enabled\r\nScreenshot: file:/C:/Users/tilek/IdeaProjects/SDET/ui/build/reports/tests/1694414519118.1.png\r\nPage source: file:/C:/Users/tilek/IdeaProjects/SDET/ui/build/reports/tests/1694414519118.1.html\r\nTimeout: 10 s.\r\nCaused by: NoSuchElementException: no such element: Unable to locate element: {\"method\":\"xpath\",\"selector\":\"//a[normalize-space() ='Foor Adults']\"}\r\n\tat com.codeborne.selenide.impl.WebElementSource.createElementNotFoundError(WebElementSource.java:91)\r\n\tat com.codeborne.selenide.impl.ElementFinder.createElementNotFoundError(ElementFinder.java:142)\r\n\tat com.codeborne.selenide.impl.WebElementSource.handleError(WebElementSource.java:143)\r\n\tat com.codeborne.selenide.impl.WebElementSource.checkConditionAndReturnElement(WebElementSource.java:127)\r\n\tat com.codeborne.selenide.impl.WebElementSource.findAndAssertElementIsClickable(WebElementSource.java:173)\r\n\tat com.codeborne.selenide.commands.Click.findElement(Click.java:46)\r\n\tat com.codeborne.selenide.commands.Click.execute(Click.java:28)\r\n\tat com.codeborne.selenide.commands.Click.execute(Click.java:21)\r\n\tat com.codeborne.selenide.commands.Commands.execute(Commands.java:164)\r\n\tat com.codeborne.selenide.impl.SelenideElementProxy.dispatchAndRetry(SelenideElementProxy.java:132)\r\n\tat com.codeborne.selenide.impl.SelenideElementProxy.invoke(SelenideElementProxy.java:84)\r\n\tat jdk.proxy2/jdk.proxy2.$Proxy8.click(Unknown Source)\r\n\tat com.digitalnomads.ui.helper.ElementActions.clickTheButton(ElementActions.java:20)\r\n\tat com.digitalnomads.ui.elementspage.Button.click(Button.java:21)\r\n\tat com.digitalnomads.ui.pages.HomePage.clickAdultsButton(HomePage.java:31)\r\n\tat com.digitalnomads.adultpage.AdultsPageTest.adultPageTest(AdultsPageTest.java:11)\r\n\tat java.base/jdk.internal.reflect.NativeMethodAccessorImpl.invoke0(Native Method)\r\n\tat java.base/jdk.internal.reflect.NativeMethodAccessorImpl.invoke(NativeMethodAccessorImpl.java:77)\r\n\tat java.base/jdk.internal.reflect.DelegatingMethodAccessorImpl.invoke(DelegatingMethodAccessorImpl.java:43)\r\n\tat java.base/java.lang.reflect.Method.invoke(Method.java:568)\r\n\tat org.testng.internal.invokers.MethodInvocationHelper.invokeMethod(MethodInvocationHelper.java:139)\r\n\tat org.testng.internal.invokers.TestInvoker.invokeMethod(TestInvoker.java:664)\r\n\tat org.testng.internal.invokers.TestInvoker.invokeTestMethod(TestInvoker.java:227)\r\n\tat org.testng.internal.invokers.MethodRunner.runInSequence(MethodRunner.java:50)\r\n\tat org.testng.internal.invokers.TestInvoker$MethodInvocationAgent.invoke(TestInvoker.java:957)\r\n\tat org.testng.internal.invokers.TestInvoker.invokeTestMethods(TestInvoker.java:200)\r\n\tat org.testng.internal.invokers.TestMethodWorker.invokeTestMethods(TestMethodWorker.java:148)\r\n\tat org.testng.internal.invokers.TestMethodWorker.run(TestMethodWorker.java:128)\r\n\tat java.base/java.util.ArrayList.forEach(ArrayList.java:1511)\r\n\tat org.testng.TestRunner.privateRun(TestRunner.java:848)\r\n\tat org.testng.TestRunner.run(TestRunner.java:621)\r\n\tat org.testng.SuiteRunner.runTest(SuiteRunner.java:443)\r\n\tat org.testng.SuiteRunner.runSequentially(SuiteRunner.java:437)\r\n\tat org.testng.SuiteRunner.privateRun(SuiteRunner.java:397)\r\n\tat org.testng.SuiteRunner.run(SuiteRunner.java:336)\r\n\tat org.testng.SuiteRunnerWorker.runSuite(SuiteRunnerWorker.java:52)\r\n\tat org.testng.SuiteRunnerWorker.run(SuiteRunnerWorker.java:95)\r\n\tat org.testng.TestNG.runSuitesSequentially(TestNG.java:1280)\r\n\tat org.testng.TestNG.runSuitesLocally(TestNG.java:1200)\r\n\tat org.testng.TestNG.runSuites(TestNG.java:1114)\r\n\tat org.testng.TestNG.run(TestNG.java:1082)\r\n\tat com.intellij.rt.testng.IDEARemoteTestNG.run(IDEARemoteTestNG.java:66)\r\n\tat com.intellij.rt.testng.RemoteTestNGStarter.main(RemoteTestNGStarter.java:105)\r\nCaused by: org.openqa.selenium.NoSuchElementException: no such element: Unable to locate element: {\"method\":\"xpath\",\"selector\":\"//a[normalize-space() ='Foor Adults']\"}\n  (Session info: chrome=116.0.5845.142)\nFor documentation on this error, please visit: https://www.selenium.dev/documentation/webdriver/troubleshooting/errors#no-such-element-exception\nBuild info: version: '4.12.1', revision: '8e34639b11'\nSystem info: os.name: 'Windows 11', os.arch: 'amd64', os.version: '10.0', java.version: '17.0.7'\nDriver info: org.openqa.selenium.chrome.ChromeDriver\nCommand: [196d041c2b336e520d91d2d92b1fd7ac, findElement {using=xpath, value=//a[normalize-space() ='Foor Adults']}]\nCapabilities {acceptInsecureCerts: true, browserName: chrome, browserVersion: 116.0.5845.142, chrome: {chromedriverVersion: 116.0.5845.96 (1a3918166880..., userDataDir: C:\\Users\\tilek\\AppData\\Loca...}, fedcm:accounts: true, goog:chromeOptions: {debuggerAddress: localhost:61438}, networkConnectionEnabled: false, pageLoadStrategy: normal, platformName: windows, proxy: Proxy(), se:cdp: ws://localhost:61438/devtoo..., se:cdpVersion: 116.0.5845.142, setWindowRect: true, strictFileInteractability: false, timeouts: {implicit: 0, pageLoad: 300000, script: 30000}, unhandledPromptBehavior: accept, webauthn:extension:credBlob: true, webauthn:extension:largeBlob: true, webauthn:extension:minPinLength: true, webauthn:extension:prf: true, webauthn:virtualAuthenticators: true}\nSession ID: 196d041c2b336e520d91d2d92b1fd7ac\r\n\tat jdk.internal.reflect.GeneratedConstructorAccessor10.newInstance(Unknown Source)\r\n\tat java.base/jdk.internal.reflect.DelegatingConstructorAccessorImpl.newInstance(DelegatingConstructorAccessorImpl.java:45)\r\n\tat java.base/java.lang.reflect.Constructor.newInstanceWithCaller(Constructor.java:499)\r\n\tat java.base/java.lang.reflect.Constructor.newInstance(Constructor.java:480)\r\n\tat org.openqa.selenium.remote.codec.w3c.W3CHttpResponseCodec.createException(W3CHttpResponseCodec.java:200)\r\n\tat org.openqa.selenium.remote.codec.w3c.W3CHttpResponseCodec.decode(W3CHttpResponseCodec.java:133)\r\n\tat org.openqa.selenium.remote.codec.w3c.W3CHttpResponseCodec.decode(W3CHttpResponseCodec.java:52)\r\n\tat org.openqa.selenium.remote.HttpCommandExecutor.execute(HttpCommandExecutor.java:191)\r\n\tat org.openqa.selenium.remote.service.DriverCommandExecutor.invokeExecute(DriverCommandExecutor.java:196)\r\n\tat org.openqa.selenium.remote.service.DriverCommandExecutor.execute(DriverCommandExecutor.java:171)\r\n\tat org.openqa.selenium.remote.RemoteWebDriver.execute(RemoteWebDriver.java:602)\r\n\tat org.openqa.selenium.remote.ElementLocation$ElementFinder$2.findElement(ElementLocation.java:165)\r\n\tat org.openqa.selenium.remote.ElementLocation.findElement(ElementLocation.java:59)\r\n\tat org.openqa.selenium.remote.RemoteWebDriver.findElement(RemoteWebDriver.java:359)\r\n\tat org.openqa.selenium.remote.RemoteWebDriver.findElement(RemoteWebDriver.java:353)\r\n\tat com.codeborne.selenide.impl.WebElementSelector.findElement(WebElementSelector.java:70)\r\n\tat com.codeborne.selenide.impl.WebElementSelector.findElement(WebElementSelector.java:44)\r\n\tat com.codeborne.selenide.impl.WebElementSelector.findElement(WebElementSelector.java:33)\r\n\tat com.codeborne.selenide.impl.ElementFinder.getWebElement(ElementFinder.java:122)\r\n\tat com.codeborne.selenide.impl.WebElementSource.checkConditionAndReturnElement(WebElementSource.java:116)\r\n\t... 39 more\r\n"},"stage":"finished","steps":[],"attachments":[],"parameters":[],"start":1694414491833,"stop":1694414520330}